Base path: C:/Program Files/Unity/Editor/Data
Pipe name: \\.\pipe\UnityShaderCompiler-64bit-1-5852
Cmd: getPlatforms
Cmd: preprocess
  insize=708 outsize=708 ok=1
Cmd: preprocess
  insize=2850 outsize=847 ok=1
Cmd: preprocess
  insize=883 outsize=883 ok=1
Cmd: preprocess
  insize=2519 outsize=885 ok=1
Cmd: compileSnippet
  api=4 type=0 insize=1175 outsize=1509 kw= ok=1
Cmd: compileSnippet
  api=4 type=1 insize=1175 outsize=770 kw= ok=1
Cmd: compileSnippet
  api=4 type=0 insize=1066 outsize=1485 kw= ok=1
Cmd: compileSnippet
  api=4 type=1 insize=1066 outsize=770 kw= ok=1
Cmd: preprocess
  insize=792 outsize=792 ok=1
